<?xml version="1.0" encoding="UTF-8"?>
<testsuite xmlns:xsi="http://www.w3.org/2001/XMLSchema-instance" xsi:noNamespaceSchemaLocation="https://maven.apache.org/surefire/maven-surefire-plugin/xsd/surefire-test-report.xsd" name="com.itheima.TestHelloMaven" time="0.034" tests="2" errors="0" skipped="0" failures="0">
  <properties>
[...]
</properties>
  <testcase name="testAdd" classname="com.itheima.TestHelloMaven" time="0.003"/>
  <testcase name="testAdd2" classname="com.itheima.TestHelloMaven" time="0.001"/>
</testsuite>